<?xml version="1.0" encoding="UTF-8"?>
<!-- Generated by org.testng.reporters.JUnitReportReporter -->
<testsuite name="testcases.TC_001" tests="1" time="125.454" ignored="0" failures="0" timestamp="01 Nov 2017 22:23:30 GMT" skipped="0" hostname="DESKTOP-CAHIHOT" errors="0">
  <testcase name="testcase1" time="125.454" classname="testcases.TC_001"/>
</testsuite> <!-- testcases.TC_001 -->
